15:10:37:started reading 0.pdf....
15:10:37:Reading page 1 / 9...
15:10:37:Converted 1 to image
15:10:37:Enhancing Image Quality for page 1...
15:11:01:image processed successfully....
15:11:05:Extracting Text from converted image using AI Tools...
15:11:23:Text Extracted Successfully from Page 0......
15:11:23:Reading page 2 / 9...
15:11:23:Converted 2 to image
15:11:23:Enhancing Image Quality for page 2...
15:11:37:started reading 1.pdf....
15:11:37:Reading page 1 / 1...
15:11:37:Converted 1 to image
15:11:37:Enhancing Image Quality for page 1...
15:12:03:image processed successfully....
15:12:09:Extracting Text from converted image using AI Tools...
15:12:33:Text Extracted Successfully from Page 0......
15:12:33:started reading 10.pdf....
15:12:33:Reading page 1 / 1...
15:12:33:Converted 1 to image
15:12:33:Enhancing Image Quality for page 1...
